Error - typescript - src/components/Button/examples/Button.Swap.Example.tsx(48,8): error TS2322: Type '{ ref: (ref: ReactInstance) => void; disabled: boolean | undefined; checked: boolean | undefined;...' is not assignable to type 'IntrinsicAttributes & IntrinsicClassAttributes<PrimaryButton> & Readonly<{ children?: ReactNode; ...'.
Error - typescript - src/components/Button/examples/Button.Swap.Example.tsx(55,8): error TS2322: Type '{ ref: (ref: ReactInstance) => void; disabled: boolean | undefined; checked: boolean | undefined;...' is not assignable to type 'IntrinsicAttributes & IntrinsicClassAttributes<DefaultButton> & Readonly<{ children?: ReactNode; ...'.
Error - typescript - src/components/Calendar/examples/Calendar.Button.Example.tsx(86,36): error TS2322: Type 'HTMLDivElement | null' is not assignable to type 'HTMLElement'.
Error - typescript - src/components/Callout/examples/Callout.Basic.Example.tsx(29,81): error TS2322: Type 'HTMLDivElement | null' is not assignable to type 'HTMLElement'.
Error - typescript - src/components/Callout/examples/Callout.Cover.Example.tsx(56,81): error TS2322: Type 'HTMLDivElement | null' is not assignable to type 'HTMLElement'.
Error - typescript - src/components/Callout/examples/Callout.Directional.Example.tsx(72,76): error TS2322: Type 'HTMLDivElement | null' is not assignable to type 'HTMLElement'.
Error - typescript - src/components/Callout/examples/Callout.Nested.Example.tsx(30,81): error TS2322: Type 'HTMLDivElement | null' is not assignable to type 'HTMLElement'.
Error - typescript - src/components/ChoiceGroup/ChoiceGroup.tsx(102,49): error TS2322: Type 'HTMLInputElement | null' is not assignable to type 'HTMLInputElement'.
Error - typescript - src/components/ChoiceGroup/ChoiceGroup.tsx(102,49): error TS2322: Type 'HTMLInputElement | null' is not assignable to type 'HTMLInputElement'.
Error - typescript - src/components/ColorPicker/ColorPicker.tsx(89,35): error TS2322: Type 'TextField | null' is not assignable to type 'TextField'.
Error - typescript - src/components/ColorPicker/ColorPicker.tsx(98,35): error TS2322: Type 'TextField | null' is not assignable to type 'TextField'.
Error - typescript - src/components/ColorPicker/ColorPicker.tsx(106,35): error TS2322: Type 'TextField | null' is not assignable to type 'TextField'.
Error - typescript - src/components/ColorPicker/ColorPicker.tsx(114,35): error TS2322: Type 'TextField | null' is not assignable to type 'TextField'.
Error - typescript - src/components/ColorPicker/ColorPicker.tsx(123,37): error TS2322: Type 'TextField | null' is not assignable to type 'TextField'.
Error - typescript - src/components/ColorPicker/ColorSlider.tsx(68,75): error TS2345: Argument of type '{ 'is-adjusting': boolean | undefined; }' is not assignable to parameter of type 'ICssInput'.
Error - typescript - src/components/CommandBar/examples/CommandBar.Customization.Example.tsx(74,25): error TS2322: Type 'HTMLDivElement | null' is not assignable to type 'HTMLElement'.
Error - typescript - src/components/ContextualMenu/ContextualMenu.tsx(254,37): error TS2322: Type 'FocusZone | null' is not assignable to type 'FocusZone'.
Error - typescript - src/components/DatePicker/DatePicker.tsx(181,39): error TS2322: Type 'HTMLDivElement | null' is not assignable to type 'HTMLDivElement'.
Error - typescript - src/components/DatePicker/DatePicker.tsx(181,39): error TS2322: Type 'HTMLDivElement | null' is not assignable to type 'HTMLElement'.
Error - typescript - src/components/DetailsList/DetailsHeader.tsx(139,57): error TS2345: Argument of type '{ [x: string]: boolean | undefined; 'is-resizingColumn': boolean | undefined; }' is not assignable to parameter of type 'ICssInput'.
Error - typescript - src/components/DetailsList/DetailsHeader.tsx(209,42): error TS2345: Argument of type '{ [x: string]: boolean | undefined; [x: number]: boolean | undefined; 'is-icon-visible': boolean ...' is not assignable to parameter of type 'ICssInput'.
Error - typescript - src/components/DetailsList/DetailsRowFields.tsx(48,81): error TS2345: Argument of type '{ [x: number]: boolean | undefined; 'is-multiline': boolean | undefined; }' is not assignable to parameter of type 'ICssInput'.
Error - typescript - src/components/Label/Label.tsx(13,60): error TS2345: Argument of type '{ [x: number]: boolean | undefined; 'is-disabled': boolean | undefined; 'is-required': boolean | ...' is not assignable to parameter of type 'ICssInput'.
Error - typescript - src/components/Link/Link.tsx(30,61): error TS2345: Argument of type '{ [x: number]: boolean | undefined; 'is-disabled': boolean | undefined; }' is not assignable to parameter of type 'ICssInput'.
Error - typescript - src/components/Link/Link.tsx(44,63): error TS2345: Argument of type '{ [x: number]: boolean | undefined; 'is-disabled': boolean | undefined; }' is not assignable to parameter of type 'ICssInput'.
Error - typescript - src/components/SwatchColorPicker/SwatchColorPicker.tsx(306,6): error TS2605: JSX element type 'SwatchColorPickerOption' is not a constructor function for JSX elements.
Error - typescript - src/components/TeachingBubble/examples/TeachingBubble.Basic.Example.tsx(36,89): error TS2322: Type 'HTMLSpanElement | null' is not assignable to type 'HTMLElement'.
Error - typescript - src/components/TeachingBubble/examples/TeachingBubble.Condensed.Example.tsx(28,89): error TS2322: Type 'HTMLSpanElement | null' is not assignable to type 'HTMLElement'.
Error - typescript - src/components/TeachingBubble/examples/TeachingBubble.Illustration.Example.tsx(38,89): error TS2322: Type 'HTMLSpanElement | null' is not assignable to type 'HTMLElement'.
Error - typescript - src/components/TextField/TextField.test.tsx(361,21): error TS2322: Type 'TextField | null' is not assignable to type 'TextField | undefined'.
Error - typescript - src/components/Toggle/Toggle.tsx(112,44): error TS2322: Type 'HTMLButtonElement | null' is not assignable to type 'HTMLButtonElement'.
Error - typescript - src/components/Toggle/Toggle.tsx(112,44): error TS2322: Type 'HTMLButtonElement | null' is not assignable to type 'HTMLButtonElement'.
Error - typescript - src/components/pickers/AutoFill/BaseAutoFill.test.tsx(19,21): error TS2322: Type 'BaseAutoFill | null' is not assignable to type 'BaseAutoFill'.
Error - typescript - src/components/pickers/AutoFill/BaseAutoFill.test.tsx(29,21): error TS2322: Type 'BaseAutoFill | null' is not assignable to type 'BaseAutoFill'.
Error - typescript - src/components/pickers/AutoFill/BaseAutoFill.test.tsx(44,21): error TS2322: Type 'BaseAutoFill | null' is not assignable to type 'BaseAutoFill'.
Error - typescript - src/components/pickers/AutoFill/BaseAutoFill.test.tsx(62,21): error TS2322: Type 'BaseAutoFill | null' is not assignable to type 'BaseAutoFill'.
Error - typescript - src/components/pickers/AutoFill/BaseAutoFill.test.tsx(83,21): error TS2322: Type 'BaseAutoFill | null' is not assignable to type 'BaseAutoFill'.
Error - typescript - src/components/pickers/AutoFill/BaseAutoFill.test.tsx(106,21): error TS2322: Type 'BaseAutoFill | null' is not assignable to type 'BaseAutoFill'.
Error - typescript - src/components/pickers/AutoFill/BaseAutoFill.test.tsx(124,21): error TS2322: Type 'BaseAutoFill | null' is not assignable to type 'BaseAutoFill'.
Error - typescript - src/components/pickers/TagPicker/TagItem.tsx(14,6): error TS2345: Argument of type '{ 'is-selected': boolean | undefined; }' is not assignable to parameter of type 'ICssInput'.
Error - 'typescript' sub task errored after 15 s 
 TypeScript error(s) occurred.
gulp clean returned error code: 1
